<?xml version="1.0" encoding="UTF-8"?>
<!-- Generated by org.testng.reporters.JUnitReportReporter -->
<testsuite hostname="DESKTOP-LGUVR7P" failures="0" tests="1" name="TestRegression.TestCasesUIKW" time="10.258" errors="0" timestamp="2021-10-24T17:41:38 IST" skipped="0">
  <testcase classname="TestRegression.TestCasesUIKW" name="titleOfHomePage" time="10.258"/>
  <system-out/>
</testsuite> <!-- TestRegression.TestCasesUIKW -->
