<?xml version="1.0" encoding="UTF-8"?>
<!-- Generated by org.testng.reporters.JUnitReportReporter -->
<testsuite hostname="DESKTOP-LGUVR7P" failures="0" tests="1" name="TestRegression.Regression" time="10.087" errors="0" timestamp="2021-10-14T13:53:49 IST" skipped="0">
  <testcase classname="TestRegression.Regression" name="tc_01" time="10.087"/>
  <system-out/>
</testsuite> <!-- TestRegression.Regression -->
